0 info it worked if it ends with ok
1 verbose cli [ '/Users/luandropvieira/.nvm/versions/node/v4.2.3/bin/node',
1 verbose cli   '/Users/luandropvieira/.nvm/versions/node/v4.2.3/bin/npm',
1 verbose cli   'run',
1 verbose cli   'deploy' ]
2 info using npm@2.14.7
3 info using node@v4.2.3
4 verbose run-script [ 'predeploy', 'deploy', 'postdeploy' ]
5 info predeploy web-vicosa.github.io@1.0.0
6 info deploy web-vicosa.github.io@1.0.0
7 verbose unsafe-perm in lifecycle true
8 info web-vicosa.github.io@1.0.0 Failed to exec deploy script
9 verbose stack Error: web-vicosa.github.io@1.0.0 deploy: `git add . && git commit -m 'comit' && git push origin master`
9 verbose stack Exit status 128
9 verbose stack     at EventEmitter.<anonymous> (/Users/luandropvieira/.nvm/versions/node/v4.2.3/lib/node_modules/npm/lib/utils/lifecycle.js:214:16)
9 verbose stack     at emitTwo (events.js:87:13)
9 verbose stack     at EventEmitter.emit (events.js:172:7)
9 verbose stack     at ChildProcess.<anonymous> (/Users/luandropvieira/.nvm/versions/node/v4.2.3/lib/node_modules/npm/lib/utils/spawn.js:24:14)
9 verbose stack     at emitTwo (events.js:87:13)
9 verbose stack     at ChildProcess.emit (events.js:172:7)
9 verbose stack     at maybeClose (internal/child_process.js:818:16)
9 verbose stack     at Process.ChildProcess._handle.onexit (internal/child_process.js:211:5)
10 verbose pkgid web-vicosa.github.io@1.0.0
11 verbose cwd /Users/luandropvieira/Sites/web-vicosa.github.io
12 error Darwin 14.5.0
13 error argv "/Users/luandropvieira/.nvm/versions/node/v4.2.3/bin/node" "/Users/luandropvieira/.nvm/versions/node/v4.2.3/bin/npm" "run" "deploy"
14 error node v4.2.3
15 error npm  v2.14.7
16 error code ELIFECYCLE
17 error web-vicosa.github.io@1.0.0 deploy: `git add . && git commit -m 'comit' && git push origin master`
17 error Exit status 128
18 error Failed at the web-vicosa.github.io@1.0.0 deploy script 'git add . && git commit -m 'comit' && git push origin master'.
18 error This is most likely a problem with the web-vicosa.github.io package,
18 error not with npm itself.
18 error Tell the author that this fails on your system:
18 error     git add . && git commit -m 'comit' && git push origin master
18 error You can get their info via:
18 error     npm owner ls web-vicosa.github.io
18 error There is likely additional logging output above.
19 verbose exit [ 1, true ]
